[2022-11-10 03:36:16] merlin-logger.DEBUG: The welcome step has been displayed [] []
[2022-11-10 03:36:55] merlin-logger.DEBUG: The welcome step has been displayed [] []
[2022-11-10 03:36:59] merlin-logger.DEBUG: The server info installation step has been displayed [] []
[2022-11-10 03:37:01] merlin-logger.DEBUG: The child theme installation step has been displayed [] []
[2022-11-10 03:37:03] merlin-logger.DEBUG: The child theme style.css content was generated [] []
[2022-11-10 03:37:03] merlin-logger.DEBUG: The child theme functions.php content was generated [] []
[2022-11-10 03:37:03] merlin-logger.DEBUG: The child theme screenshot was copied to the child theme, with the following result {"copied":true} []
[2022-11-10 03:37:04] merlin-logger.DEBUG: The newly generated child theme was activated [] []
[2022-11-10 03:37:09] merlin-logger.DEBUG: The plugin installation step has been displayed [] []
[2022-11-10 03:37:14] merlin-logger.DEBUG: A plugin with the following data will be processed {"plugin_slug":"elementor","message":"Installing"} []
[2022-11-10 03:37:27] merlin-logger.DEBUG: A plugin with the following data will be processed {"plugin_slug":"elementor","message":"Activating"} []
[2022-11-10 03:37:32] merlin-logger.DEBUG: A plugin with the following data was processed {"plugin_slug":"elementor"} []
[2022-11-10 03:37:32] merlin-logger.DEBUG: A plugin with the following data will be processed {"plugin_slug":"lisfinity-core","message":"Installing"} []
[2022-11-10 03:37:58] merlin-logger.DEBUG: A plugin with the following data will be processed {"plugin_slug":"lisfinity-core","message":"Activating"} []
[2022-11-10 03:38:00] merlin-logger.DEBUG: A plugin with the following data was processed {"plugin_slug":"lisfinity-core"} []
[2022-11-10 03:38:00] merlin-logger.DEBUG: A plugin with the following data will be processed {"plugin_slug":"redux-framework","message":"Installing"} []
[2022-11-10 03:38:10] merlin-logger.DEBUG: A plugin with the following data will be processed {"plugin_slug":"redux-framework","message":"Activating"} []
[2022-11-10 03:38:11] merlin-logger.DEBUG: A plugin with the following data was processed {"plugin_slug":"redux-framework"} []
[2022-11-10 03:38:12] merlin-logger.DEBUG: A plugin with the following data will be processed {"plugin_slug":"woocommerce","message":"Installing"} []
[2022-11-10 03:38:38] merlin-logger.DEBUG: A plugin with the following data will be processed {"plugin_slug":"woocommerce","message":"Activating"} []
[2022-11-10 03:39:31] merlin-logger.DEBUG: A plugin with the following data was processed {"plugin_slug":"woocommerce"} []
[2022-11-10 03:39:33] merlin-logger.DEBUG: A plugin with the following data will be processed {"plugin_slug":"envato-market","message":"Installing"} []
[2022-11-10 03:39:41] merlin-logger.DEBUG: A plugin with the following data will be processed {"plugin_slug":"envato-market","message":"Activating"} []
[2022-11-10 03:39:51] merlin-logger.DEBUG: A plugin with the following data was processed {"plugin_slug":"envato-market"} []
[2022-11-10 03:39:56] merlin-logger.DEBUG: The content import step has been displayed [] []
[2022-11-10 03:42:37] merlin-logger.DEBUG: The final step has been displayed [] []
[2022-11-12 09:41:19] merlin-logger.DEBUG: The welcome step has been displayed [] []
[2022-11-17 12:09:14] merlin-logger.DEBUG: The welcome step has been displayed [] []
